D:\LIBGRAPHICS2020TUTORIALS\TUTORIALSVS2010\91-TURTLEGRAPHICS\DEBUG\91-TURTLEGRAPHICS.EXE.EMBED.MANIFEST
D:\LIBGRAPHICS2020TUTORIALS\TUTORIALSVS2010\91-TURTLEGRAPHICS\DEBUG\91-TURTLEGRAPHICS.EXE.EMBED.MANIFEST.RES
D:\LIBGRAPHICS2020TUTORIALS\TUTORIALSVS2010\91-TURTLEGRAPHICS\DEBUG\91-TURTLEGRAPHICS.EXE.INTERMEDIATE.MANIFEST
D:\LIBGRAPHICS2020TUTORIALS\TUTORIALSVS2010\91-TURTLEGRAPHICS\DEBUG\91-TURTLEGRAPHICS.OBJ
D:\LibGraphics2020Tutorials\tutorialsVS2010\91-turtlegraphics\Debug\91-turtlegraphics.vcxprojResolveAssemblyReference.cache
D:\LibGraphics2020Tutorials\tutorialsVS2010\91-turtlegraphics\Debug\91-turtlegraphics.write.1.tlog
D:\LibGraphics2020Tutorials\tutorialsVS2010\91-turtlegraphics\Debug\91-turtlegraphics_manifest.rc
D:\LibGraphics2020Tutorials\tutorialsVS2010\91-turtlegraphics\Debug\cl.command.1.tlog
D:\LibGraphics2020Tutorials\tutorialsVS2010\91-turtlegraphics\Debug\CL.read.1.tlog
D:\LibGraphics2020Tutorials\tutorialsVS2010\91-turtlegraphics\Debug\CL.write.1.tlog
D:\LIBGRAPHICS2020TUTORIALS\TUTORIALSVS2010\91-TURTLEGRAPHICS\DEBUG\EXCEPTIO.OBJ
D:\LIBGRAPHICS2020TUTORIALS\TUTORIALSVS2010\91-TURTLEGRAPHICS\DEBUG\GENLIB.OBJ
D:\LIBGRAPHICS2020TUTORIALS\TUTORIALSVS2010\91-TURTLEGRAPHICS\DEBUG\GRAPHICS.OBJ
D:\LIBGRAPHICS2020TUTORIALS\TUTORIALSVS2010\91-TURTLEGRAPHICS\DEBUG\IMGUI.OBJ
D:\LibGraphics2020Tutorials\tutorialsVS2010\91-turtlegraphics\Debug\link.968.read.1.tlog
D:\LibGraphics2020Tutorials\tutorialsVS2010\91-turtlegraphics\Debug\link.968.write.1.tlog
D:\LibGraphics2020Tutorials\tutorialsVS2010\91-turtlegraphics\Debug\link.968-cvtres.read.1.tlog
D:\LibGraphics2020Tutorials\tutorialsVS2010\91-turtlegraphics\Debug\link.968-cvtres.write.1.tlog
D:\LibGraphics2020Tutorials\tutorialsVS2010\91-turtlegraphics\Debug\link.command.1.tlog
D:\LibGraphics2020Tutorials\tutorialsVS2010\91-turtlegraphics\Debug\link.read.1.tlog
D:\LibGraphics2020Tutorials\tutorialsVS2010\91-turtlegraphics\Debug\link.write.1.tlog
D:\LibGraphics2020Tutorials\tutorialsVS2010\91-turtlegraphics\Debug\link-cvtres.read.1.tlog
D:\LibGraphics2020Tutorials\tutorialsVS2010\91-turtlegraphics\Debug\link-cvtres.write.1.tlog
D:\LIBGRAPHICS2020TUTORIALS\TUTORIALSVS2010\91-TURTLEGRAPHICS\DEBUG\LINKEDLIST.OBJ
D:\LibGraphics2020Tutorials\tutorialsVS2010\91-turtlegraphics\Debug\mt.command.1.tlog
D:\LibGraphics2020Tutorials\tutorialsVS2010\91-turtlegraphics\Debug\mt.read.1.tlog
D:\LibGraphics2020Tutorials\tutorialsVS2010\91-turtlegraphics\Debug\mt.write.1.tlog
D:\LIBGRAPHICS2020TUTORIALS\TUTORIALSVS2010\91-TURTLEGRAPHICS\DEBUG\PEGGY.OBJ
D:\LIBGRAPHICS2020TUTORIALS\TUTORIALSVS2010\91-TURTLEGRAPHICS\DEBUG\RANDOM.OBJ
D:\LibGraphics2020Tutorials\tutorialsVS2010\91-turtlegraphics\Debug\rc.command.1.tlog
D:\LibGraphics2020Tutorials\tutorialsVS2010\91-turtlegraphics\Debug\rc.read.1.tlog
D:\LibGraphics2020Tutorials\tutorialsVS2010\91-turtlegraphics\Debug\rc.write.1.tlog
D:\LIBGRAPHICS2020TUTORIALS\TUTORIALSVS2010\91-TURTLEGRAPHICS\DEBUG\SIMPIO.OBJ
D:\LIBGRAPHICS2020TUTORIALS\TUTORIALSVS2010\91-TURTLEGRAPHICS\DEBUG\STRLIB.OBJ
D:\LIBGRAPHICS2020TUTORIALS\TUTORIALSVS2010\91-TURTLEGRAPHICS\DEBUG\TURTLE.OBJ
D:\LibGraphics2020Tutorials\tutorialsVS2010\91-turtlegraphics\Debug\vc100.idb
D:\LIBGRAPHICS2020TUTORIALS\TUTORIALSVS2010\91-TURTLEGRAPHICS\DEBUG\VC100.PDB
D:\LIBGRAPHICS2020TUTORIALS\TUTORIALSVS2010\DEBUG\91-TURTLEGRAPHICS.EXE
D:\LIBGRAPHICS2020TUTORIALS\TUTORIALSVS2010\DEBUG\91-TURTLEGRAPHICS.ILK
D:\LIBGRAPHICS2020TUTORIALS\TUTORIALSVS2010\DEBUG\91-TURTLEGRAPHICS.PDB
