D:\LIBGRAPHICS2020TUTORIALS\TUTORIALSVS2010\0-EMPTYWINDOW\DEBUG\0-EMPTYWINDOW.EXE.EMBED.MANIFEST
D:\LIBGRAPHICS2020TUTORIALS\TUTORIALSVS2010\0-EMPTYWINDOW\DEBUG\0-EMPTYWINDOW.EXE.EMBED.MANIFEST.RES
D:\LIBGRAPHICS2020TUTORIALS\TUTORIALSVS2010\0-EMPTYWINDOW\DEBUG\0-EMPTYWINDOW.EXE.INTERMEDIATE.MANIFEST
D:\LIBGRAPHICS2020TUTORIALS\TUTORIALSVS2010\0-EMPTYWINDOW\DEBUG\0-EMPTYWINDOW.OBJ
D:\LibGraphics2020Tutorials\tutorialsVS2010\0-emptywindow\Debug\0-emptywindow.write.1.tlog
D:\LibGraphics2020Tutorials\tutorialsVS2010\0-emptywindow\Debug\0-emptywindow_manifest.rc
D:\LibGraphics2020Tutorials\tutorialsVS2010\0-emptywindow\Debug\cl.command.1.tlog
D:\LibGraphics2020Tutorials\tutorialsVS2010\0-emptywindow\Debug\CL.read.1.tlog
D:\LibGraphics2020Tutorials\tutorialsVS2010\0-emptywindow\Debug\CL.write.1.tlog
D:\LIBGRAPHICS2020TUTORIALS\TUTORIALSVS2010\0-EMPTYWINDOW\DEBUG\EXCEPTIO.OBJ
D:\LIBGRAPHICS2020TUTORIALS\TUTORIALSVS2010\0-EMPTYWINDOW\DEBUG\GENLIB.OBJ
D:\LIBGRAPHICS2020TUTORIALS\TUTORIALSVS2010\0-EMPTYWINDOW\DEBUG\GRAPHICS.OBJ
D:\LIBGRAPHICS2020TUTORIALS\TUTORIALSVS2010\0-EMPTYWINDOW\DEBUG\IMGUI.OBJ
D:\LibGraphics2020Tutorials\tutorialsVS2010\0-emptywindow\Debug\link.3908.read.1.tlog
D:\LibGraphics2020Tutorials\tutorialsVS2010\0-emptywindow\Debug\link.3908.write.1.tlog
D:\LibGraphics2020Tutorials\tutorialsVS2010\0-emptywindow\Debug\link.3908-cvtres.read.1.tlog
D:\LibGraphics2020Tutorials\tutorialsVS2010\0-emptywindow\Debug\link.3908-cvtres.write.1.tlog
D:\LibGraphics2020Tutorials\tutorialsVS2010\0-emptywindow\Debug\link.command.1.tlog
D:\LibGraphics2020Tutorials\tutorialsVS2010\0-emptywindow\Debug\link.read.1.tlog
D:\LibGraphics2020Tutorials\tutorialsVS2010\0-emptywindow\Debug\link.write.1.tlog
D:\LibGraphics2020Tutorials\tutorialsVS2010\0-emptywindow\Debug\link-cvtres.read.1.tlog
D:\LibGraphics2020Tutorials\tutorialsVS2010\0-emptywindow\Debug\link-cvtres.write.1.tlog
D:\LIBGRAPHICS2020TUTORIALS\TUTORIALSVS2010\0-EMPTYWINDOW\DEBUG\LINKEDLIST.OBJ
D:\LibGraphics2020Tutorials\tutorialsVS2010\0-emptywindow\Debug\mt.command.1.tlog
D:\LibGraphics2020Tutorials\tutorialsVS2010\0-emptywindow\Debug\mt.read.1.tlog
D:\LibGraphics2020Tutorials\tutorialsVS2010\0-emptywindow\Debug\mt.write.1.tlog
D:\LIBGRAPHICS2020TUTORIALS\TUTORIALSVS2010\0-EMPTYWINDOW\DEBUG\RANDOM.OBJ
D:\LibGraphics2020Tutorials\tutorialsVS2010\0-emptywindow\Debug\rc.command.1.tlog
D:\LibGraphics2020Tutorials\tutorialsVS2010\0-emptywindow\Debug\rc.read.1.tlog
D:\LibGraphics2020Tutorials\tutorialsVS2010\0-emptywindow\Debug\rc.write.1.tlog
D:\LIBGRAPHICS2020TUTORIALS\TUTORIALSVS2010\0-EMPTYWINDOW\DEBUG\SIMPIO.OBJ
D:\LIBGRAPHICS2020TUTORIALS\TUTORIALSVS2010\0-EMPTYWINDOW\DEBUG\STRLIB.OBJ
D:\LibGraphics2020Tutorials\tutorialsVS2010\0-emptywindow\Debug\vc100.idb
D:\LIBGRAPHICS2020TUTORIALS\TUTORIALSVS2010\0-EMPTYWINDOW\DEBUG\VC100.PDB
D:\LIBGRAPHICS2020TUTORIALS\TUTORIALSVS2010\DEBUG\0-EMPTYWINDOW.EXE
D:\LIBGRAPHICS2020TUTORIALS\TUTORIALSVS2010\DEBUG\0-EMPTYWINDOW.ILK
D:\LIBGRAPHICS2020TUTORIALS\TUTORIALSVS2010\DEBUG\0-EMPTYWINDOW.PDB
