D:\LIBGRAPHICS2020TUTORIALS\TUTORIALSVS2010\2-ADDTIMER\DEBUG\2-ADDTIMER.EXE.EMBED.MANIFEST
D:\LIBGRAPHICS2020TUTORIALS\TUTORIALSVS2010\2-ADDTIMER\DEBUG\2-ADDTIMER.EXE.EMBED.MANIFEST.RES
D:\LIBGRAPHICS2020TUTORIALS\TUTORIALSVS2010\2-ADDTIMER\DEBUG\2-ADDTIMER.EXE.INTERMEDIATE.MANIFEST
D:\LIBGRAPHICS2020TUTORIALS\TUTORIALSVS2010\2-ADDTIMER\DEBUG\2-ADDTIMER.OBJ
D:\LibGraphics2020Tutorials\tutorialsVS2010\2-addtimer\Debug\2-addtimer.write.1.tlog
D:\LibGraphics2020Tutorials\tutorialsVS2010\2-addtimer\Debug\2-addtimer_manifest.rc
D:\LibGraphics2020Tutorials\tutorialsVS2010\2-addtimer\Debug\cl.command.1.tlog
D:\LibGraphics2020Tutorials\tutorialsVS2010\2-addtimer\Debug\CL.read.1.tlog
D:\LibGraphics2020Tutorials\tutorialsVS2010\2-addtimer\Debug\CL.write.1.tlog
D:\LIBGRAPHICS2020TUTORIALS\TUTORIALSVS2010\2-ADDTIMER\DEBUG\EXCEPTIO.OBJ
D:\LIBGRAPHICS2020TUTORIALS\TUTORIALSVS2010\2-ADDTIMER\DEBUG\GENLIB.OBJ
D:\LIBGRAPHICS2020TUTORIALS\TUTORIALSVS2010\2-ADDTIMER\DEBUG\GRAPHICS.OBJ
D:\LIBGRAPHICS2020TUTORIALS\TUTORIALSVS2010\2-ADDTIMER\DEBUG\IMGUI.OBJ
D:\LibGraphics2020Tutorials\tutorialsVS2010\2-addtimer\Debug\link.6344.read.1.tlog
D:\LibGraphics2020Tutorials\tutorialsVS2010\2-addtimer\Debug\link.6344.write.1.tlog
D:\LibGraphics2020Tutorials\tutorialsVS2010\2-addtimer\Debug\link.6344-cvtres.read.1.tlog
D:\LibGraphics2020Tutorials\tutorialsVS2010\2-addtimer\Debug\link.6344-cvtres.write.1.tlog
D:\LibGraphics2020Tutorials\tutorialsVS2010\2-addtimer\Debug\link.command.1.tlog
D:\LibGraphics2020Tutorials\tutorialsVS2010\2-addtimer\Debug\link.read.1.tlog
D:\LibGraphics2020Tutorials\tutorialsVS2010\2-addtimer\Debug\link.write.1.tlog
D:\LibGraphics2020Tutorials\tutorialsVS2010\2-addtimer\Debug\link-cvtres.read.1.tlog
D:\LibGraphics2020Tutorials\tutorialsVS2010\2-addtimer\Debug\link-cvtres.write.1.tlog
D:\LIBGRAPHICS2020TUTORIALS\TUTORIALSVS2010\2-ADDTIMER\DEBUG\LINKEDLIST.OBJ
D:\LibGraphics2020Tutorials\tutorialsVS2010\2-addtimer\Debug\mt.command.1.tlog
D:\LibGraphics2020Tutorials\tutorialsVS2010\2-addtimer\Debug\mt.read.1.tlog
D:\LibGraphics2020Tutorials\tutorialsVS2010\2-addtimer\Debug\mt.write.1.tlog
D:\LIBGRAPHICS2020TUTORIALS\TUTORIALSVS2010\2-ADDTIMER\DEBUG\RANDOM.OBJ
D:\LibGraphics2020Tutorials\tutorialsVS2010\2-addtimer\Debug\rc.command.1.tlog
D:\LibGraphics2020Tutorials\tutorialsVS2010\2-addtimer\Debug\rc.read.1.tlog
D:\LibGraphics2020Tutorials\tutorialsVS2010\2-addtimer\Debug\rc.write.1.tlog
D:\LIBGRAPHICS2020TUTORIALS\TUTORIALSVS2010\2-ADDTIMER\DEBUG\SIMPIO.OBJ
D:\LIBGRAPHICS2020TUTORIALS\TUTORIALSVS2010\2-ADDTIMER\DEBUG\STRLIB.OBJ
D:\LibGraphics2020Tutorials\tutorialsVS2010\2-addtimer\Debug\vc100.idb
D:\LIBGRAPHICS2020TUTORIALS\TUTORIALSVS2010\2-ADDTIMER\DEBUG\VC100.PDB
D:\LIBGRAPHICS2020TUTORIALS\TUTORIALSVS2010\DEBUG\2-ADDTIMER.EXE
D:\LIBGRAPHICS2020TUTORIALS\TUTORIALSVS2010\DEBUG\2-ADDTIMER.ILK
D:\LIBGRAPHICS2020TUTORIALS\TUTORIALSVS2010\DEBUG\2-ADDTIMER.PDB
