D:\LIBGRAPHICS2020TUTORIALS\TUTORIALSVS2010\3-USEMOUSE\DEBUG\3-USEMOUSE.EXE.EMBED.MANIFEST
D:\LIBGRAPHICS2020TUTORIALS\TUTORIALSVS2010\3-USEMOUSE\DEBUG\3-USEMOUSE.EXE.EMBED.MANIFEST.RES
D:\LIBGRAPHICS2020TUTORIALS\TUTORIALSVS2010\3-USEMOUSE\DEBUG\3-USEMOUSE.EXE.INTERMEDIATE.MANIFEST
D:\LIBGRAPHICS2020TUTORIALS\TUTORIALSVS2010\3-USEMOUSE\DEBUG\3-USEMOUSE.OBJ
D:\LibGraphics2020Tutorials\tutorialsVS2010\3-usemouse\Debug\3-usemouse.write.1.tlog
D:\LibGraphics2020Tutorials\tutorialsVS2010\3-usemouse\Debug\3-usemouse_manifest.rc
D:\LibGraphics2020Tutorials\tutorialsVS2010\3-usemouse\Debug\cl.command.1.tlog
D:\LibGraphics2020Tutorials\tutorialsVS2010\3-usemouse\Debug\CL.read.1.tlog
D:\LibGraphics2020Tutorials\tutorialsVS2010\3-usemouse\Debug\CL.write.1.tlog
D:\LIBGRAPHICS2020TUTORIALS\TUTORIALSVS2010\3-USEMOUSE\DEBUG\EXCEPTIO.OBJ
D:\LIBGRAPHICS2020TUTORIALS\TUTORIALSVS2010\3-USEMOUSE\DEBUG\GENLIB.OBJ
D:\LIBGRAPHICS2020TUTORIALS\TUTORIALSVS2010\3-USEMOUSE\DEBUG\GRAPHICS.OBJ
D:\LIBGRAPHICS2020TUTORIALS\TUTORIALSVS2010\3-USEMOUSE\DEBUG\IMGUI.OBJ
D:\LibGraphics2020Tutorials\tutorialsVS2010\3-usemouse\Debug\link.2108.read.1.tlog
D:\LibGraphics2020Tutorials\tutorialsVS2010\3-usemouse\Debug\link.2108.write.1.tlog
D:\LibGraphics2020Tutorials\tutorialsVS2010\3-usemouse\Debug\link.2108-cvtres.read.1.tlog
D:\LibGraphics2020Tutorials\tutorialsVS2010\3-usemouse\Debug\link.2108-cvtres.write.1.tlog
D:\LibGraphics2020Tutorials\tutorialsVS2010\3-usemouse\Debug\link.command.1.tlog
D:\LibGraphics2020Tutorials\tutorialsVS2010\3-usemouse\Debug\link.read.1.tlog
D:\LibGraphics2020Tutorials\tutorialsVS2010\3-usemouse\Debug\link.write.1.tlog
D:\LibGraphics2020Tutorials\tutorialsVS2010\3-usemouse\Debug\link-cvtres.read.1.tlog
D:\LibGraphics2020Tutorials\tutorialsVS2010\3-usemouse\Debug\link-cvtres.write.1.tlog
D:\LIBGRAPHICS2020TUTORIALS\TUTORIALSVS2010\3-USEMOUSE\DEBUG\LINKEDLIST.OBJ
D:\LibGraphics2020Tutorials\tutorialsVS2010\3-usemouse\Debug\mt.command.1.tlog
D:\LibGraphics2020Tutorials\tutorialsVS2010\3-usemouse\Debug\mt.read.1.tlog
D:\LibGraphics2020Tutorials\tutorialsVS2010\3-usemouse\Debug\mt.write.1.tlog
D:\LIBGRAPHICS2020TUTORIALS\TUTORIALSVS2010\3-USEMOUSE\DEBUG\RANDOM.OBJ
D:\LibGraphics2020Tutorials\tutorialsVS2010\3-usemouse\Debug\rc.command.1.tlog
D:\LibGraphics2020Tutorials\tutorialsVS2010\3-usemouse\Debug\rc.read.1.tlog
D:\LibGraphics2020Tutorials\tutorialsVS2010\3-usemouse\Debug\rc.write.1.tlog
D:\LIBGRAPHICS2020TUTORIALS\TUTORIALSVS2010\3-USEMOUSE\DEBUG\SIMPIO.OBJ
D:\LIBGRAPHICS2020TUTORIALS\TUTORIALSVS2010\3-USEMOUSE\DEBUG\STRLIB.OBJ
D:\LibGraphics2020Tutorials\tutorialsVS2010\3-usemouse\Debug\vc100.idb
D:\LIBGRAPHICS2020TUTORIALS\TUTORIALSVS2010\3-USEMOUSE\DEBUG\VC100.PDB
D:\LIBGRAPHICS2020TUTORIALS\TUTORIALSVS2010\DEBUG\3-USEMOUSE.EXE
D:\LIBGRAPHICS2020TUTORIALS\TUTORIALSVS2010\DEBUG\3-USEMOUSE.ILK
D:\LIBGRAPHICS2020TUTORIALS\TUTORIALSVS2010\DEBUG\3-USEMOUSE.PDB
