D:\LIBGRAPHICS2020TUTORIALS\TUTORIALSVS2010\4-POLYLINE\DEBUG\4-POLYLINE.EXE.EMBED.MANIFEST
D:\LIBGRAPHICS2020TUTORIALS\TUTORIALSVS2010\4-POLYLINE\DEBUG\4-POLYLINE.EXE.EMBED.MANIFEST.RES
D:\LIBGRAPHICS2020TUTORIALS\TUTORIALSVS2010\4-POLYLINE\DEBUG\4-POLYLINE.EXE.INTERMEDIATE.MANIFEST
D:\LIBGRAPHICS2020TUTORIALS\TUTORIALSVS2010\4-POLYLINE\DEBUG\4-POLYLINE.OBJ
D:\LibGraphics2020Tutorials\tutorialsVS2010\4-polyline\Debug\4-polyline.write.1.tlog
D:\LibGraphics2020Tutorials\tutorialsVS2010\4-polyline\Debug\4-polyline_manifest.rc
D:\LibGraphics2020Tutorials\tutorialsVS2010\4-polyline\Debug\cl.command.1.tlog
D:\LibGraphics2020Tutorials\tutorialsVS2010\4-polyline\Debug\CL.read.1.tlog
D:\LibGraphics2020Tutorials\tutorialsVS2010\4-polyline\Debug\CL.write.1.tlog
D:\LIBGRAPHICS2020TUTORIALS\TUTORIALSVS2010\4-POLYLINE\DEBUG\EXCEPTIO.OBJ
D:\LIBGRAPHICS2020TUTORIALS\TUTORIALSVS2010\4-POLYLINE\DEBUG\GENLIB.OBJ
D:\LIBGRAPHICS2020TUTORIALS\TUTORIALSVS2010\4-POLYLINE\DEBUG\GRAPHICS.OBJ
D:\LIBGRAPHICS2020TUTORIALS\TUTORIALSVS2010\4-POLYLINE\DEBUG\IMGUI.OBJ
D:\LibGraphics2020Tutorials\tutorialsVS2010\4-polyline\Debug\link.5588.read.1.tlog
D:\LibGraphics2020Tutorials\tutorialsVS2010\4-polyline\Debug\link.5588.write.1.tlog
D:\LibGraphics2020Tutorials\tutorialsVS2010\4-polyline\Debug\link.5588-cvtres.read.1.tlog
D:\LibGraphics2020Tutorials\tutorialsVS2010\4-polyline\Debug\link.5588-cvtres.write.1.tlog
D:\LibGraphics2020Tutorials\tutorialsVS2010\4-polyline\Debug\link.command.1.tlog
D:\LibGraphics2020Tutorials\tutorialsVS2010\4-polyline\Debug\link.read.1.tlog
D:\LibGraphics2020Tutorials\tutorialsVS2010\4-polyline\Debug\link.write.1.tlog
D:\LibGraphics2020Tutorials\tutorialsVS2010\4-polyline\Debug\link-cvtres.read.1.tlog
D:\LibGraphics2020Tutorials\tutorialsVS2010\4-polyline\Debug\link-cvtres.write.1.tlog
D:\LIBGRAPHICS2020TUTORIALS\TUTORIALSVS2010\4-POLYLINE\DEBUG\LINKEDLIST.OBJ
D:\LibGraphics2020Tutorials\tutorialsVS2010\4-polyline\Debug\mt.command.1.tlog
D:\LibGraphics2020Tutorials\tutorialsVS2010\4-polyline\Debug\mt.read.1.tlog
D:\LibGraphics2020Tutorials\tutorialsVS2010\4-polyline\Debug\mt.write.1.tlog
D:\LIBGRAPHICS2020TUTORIALS\TUTORIALSVS2010\4-POLYLINE\DEBUG\RANDOM.OBJ
D:\LibGraphics2020Tutorials\tutorialsVS2010\4-polyline\Debug\rc.command.1.tlog
D:\LibGraphics2020Tutorials\tutorialsVS2010\4-polyline\Debug\rc.read.1.tlog
D:\LibGraphics2020Tutorials\tutorialsVS2010\4-polyline\Debug\rc.write.1.tlog
D:\LIBGRAPHICS2020TUTORIALS\TUTORIALSVS2010\4-POLYLINE\DEBUG\SIMPIO.OBJ
D:\LIBGRAPHICS2020TUTORIALS\TUTORIALSVS2010\4-POLYLINE\DEBUG\STRLIB.OBJ
D:\LibGraphics2020Tutorials\tutorialsVS2010\4-polyline\Debug\vc100.idb
D:\LIBGRAPHICS2020TUTORIALS\TUTORIALSVS2010\4-POLYLINE\DEBUG\VC100.PDB
D:\LIBGRAPHICS2020TUTORIALS\TUTORIALSVS2010\DEBUG\4-POLYLINE.EXE
D:\LIBGRAPHICS2020TUTORIALS\TUTORIALSVS2010\DEBUG\4-POLYLINE.ILK
D:\LIBGRAPHICS2020TUTORIALS\TUTORIALSVS2010\DEBUG\4-POLYLINE.PDB
