D:\LIBGRAPHICS2020TUTORIALS\TUTORIALSVS2010\1-DRAWSOMETHING\DEBUG\1-DRAWSOMETHING.EXE.EMBED.MANIFEST
D:\LIBGRAPHICS2020TUTORIALS\TUTORIALSVS2010\1-DRAWSOMETHING\DEBUG\1-DRAWSOMETHING.EXE.EMBED.MANIFEST.RES
D:\LIBGRAPHICS2020TUTORIALS\TUTORIALSVS2010\1-DRAWSOMETHING\DEBUG\1-DRAWSOMETHING.EXE.INTERMEDIATE.MANIFEST
D:\LIBGRAPHICS2020TUTORIALS\TUTORIALSVS2010\1-DRAWSOMETHING\DEBUG\1-DRAWSOMETHING.OBJ
D:\LibGraphics2020Tutorials\tutorialsVS2010\1-drawsomething\Debug\1-drawsomething.write.1.tlog
D:\LibGraphics2020Tutorials\tutorialsVS2010\1-drawsomething\Debug\1-drawsomething_manifest.rc
D:\LibGraphics2020Tutorials\tutorialsVS2010\1-drawsomething\Debug\cl.command.1.tlog
D:\LibGraphics2020Tutorials\tutorialsVS2010\1-drawsomething\Debug\CL.read.1.tlog
D:\LibGraphics2020Tutorials\tutorialsVS2010\1-drawsomething\Debug\CL.write.1.tlog
D:\LIBGRAPHICS2020TUTORIALS\TUTORIALSVS2010\1-DRAWSOMETHING\DEBUG\EXCEPTIO.OBJ
D:\LIBGRAPHICS2020TUTORIALS\TUTORIALSVS2010\1-DRAWSOMETHING\DEBUG\GENLIB.OBJ
D:\LIBGRAPHICS2020TUTORIALS\TUTORIALSVS2010\1-DRAWSOMETHING\DEBUG\GRAPHICS.OBJ
D:\LIBGRAPHICS2020TUTORIALS\TUTORIALSVS2010\1-DRAWSOMETHING\DEBUG\IMGUI.OBJ
D:\LibGraphics2020Tutorials\tutorialsVS2010\1-drawsomething\Debug\link.1308.read.1.tlog
D:\LibGraphics2020Tutorials\tutorialsVS2010\1-drawsomething\Debug\link.1308.write.1.tlog
D:\LibGraphics2020Tutorials\tutorialsVS2010\1-drawsomething\Debug\link.1308-cvtres.read.1.tlog
D:\LibGraphics2020Tutorials\tutorialsVS2010\1-drawsomething\Debug\link.1308-cvtres.write.1.tlog
D:\LibGraphics2020Tutorials\tutorialsVS2010\1-drawsomething\Debug\link.command.1.tlog
D:\LibGraphics2020Tutorials\tutorialsVS2010\1-drawsomething\Debug\link.read.1.tlog
D:\LibGraphics2020Tutorials\tutorialsVS2010\1-drawsomething\Debug\link.write.1.tlog
D:\LibGraphics2020Tutorials\tutorialsVS2010\1-drawsomething\Debug\link-cvtres.read.1.tlog
D:\LibGraphics2020Tutorials\tutorialsVS2010\1-drawsomething\Debug\link-cvtres.write.1.tlog
D:\LIBGRAPHICS2020TUTORIALS\TUTORIALSVS2010\1-DRAWSOMETHING\DEBUG\LINKEDLIST.OBJ
D:\LibGraphics2020Tutorials\tutorialsVS2010\1-drawsomething\Debug\mt.command.1.tlog
D:\LibGraphics2020Tutorials\tutorialsVS2010\1-drawsomething\Debug\mt.read.1.tlog
D:\LibGraphics2020Tutorials\tutorialsVS2010\1-drawsomething\Debug\mt.write.1.tlog
D:\LIBGRAPHICS2020TUTORIALS\TUTORIALSVS2010\1-DRAWSOMETHING\DEBUG\RANDOM.OBJ
D:\LibGraphics2020Tutorials\tutorialsVS2010\1-drawsomething\Debug\rc.command.1.tlog
D:\LibGraphics2020Tutorials\tutorialsVS2010\1-drawsomething\Debug\rc.read.1.tlog
D:\LibGraphics2020Tutorials\tutorialsVS2010\1-drawsomething\Debug\rc.write.1.tlog
D:\LIBGRAPHICS2020TUTORIALS\TUTORIALSVS2010\1-DRAWSOMETHING\DEBUG\SIMPIO.OBJ
D:\LIBGRAPHICS2020TUTORIALS\TUTORIALSVS2010\1-DRAWSOMETHING\DEBUG\STRLIB.OBJ
D:\LibGraphics2020Tutorials\tutorialsVS2010\1-drawsomething\Debug\vc100.idb
D:\LIBGRAPHICS2020TUTORIALS\TUTORIALSVS2010\1-DRAWSOMETHING\DEBUG\VC100.PDB
D:\LIBGRAPHICS2020TUTORIALS\TUTORIALSVS2010\DEBUG\1-DRAWSOMETHING.EXE
D:\LIBGRAPHICS2020TUTORIALS\TUTORIALSVS2010\DEBUG\1-DRAWSOMETHING.ILK
D:\LIBGRAPHICS2020TUTORIALS\TUTORIALSVS2010\DEBUG\1-DRAWSOMETHING.PDB
