D:\LIBGRAPHICS2020TUTORIALS\TUTORIALSVS2010\5-POLYGON\DEBUG\5-POLYGON.EXE.EMBED.MANIFEST
D:\LIBGRAPHICS2020TUTORIALS\TUTORIALSVS2010\5-POLYGON\DEBUG\5-POLYGON.EXE.EMBED.MANIFEST.RES
D:\LIBGRAPHICS2020TUTORIALS\TUTORIALSVS2010\5-POLYGON\DEBUG\5-POLYGON.EXE.INTERMEDIATE.MANIFEST
D:\LIBGRAPHICS2020TUTORIALS\TUTORIALSVS2010\5-POLYGON\DEBUG\5-POLYGON.OBJ
D:\LibGraphics2020Tutorials\tutorialsVS2010\5-polygon\Debug\5-polygon.write.1.tlog
D:\LibGraphics2020Tutorials\tutorialsVS2010\5-polygon\Debug\5-polygon_manifest.rc
D:\LibGraphics2020Tutorials\tutorialsVS2010\5-polygon\Debug\cl.command.1.tlog
D:\LibGraphics2020Tutorials\tutorialsVS2010\5-polygon\Debug\CL.read.1.tlog
D:\LibGraphics2020Tutorials\tutorialsVS2010\5-polygon\Debug\CL.write.1.tlog
D:\LIBGRAPHICS2020TUTORIALS\TUTORIALSVS2010\5-POLYGON\DEBUG\EXCEPTIO.OBJ
D:\LIBGRAPHICS2020TUTORIALS\TUTORIALSVS2010\5-POLYGON\DEBUG\GENLIB.OBJ
D:\LIBGRAPHICS2020TUTORIALS\TUTORIALSVS2010\5-POLYGON\DEBUG\GRAPHICS.OBJ
D:\LIBGRAPHICS2020TUTORIALS\TUTORIALSVS2010\5-POLYGON\DEBUG\IMGUI.OBJ
D:\LibGraphics2020Tutorials\tutorialsVS2010\5-polygon\Debug\link.6124.read.1.tlog
D:\LibGraphics2020Tutorials\tutorialsVS2010\5-polygon\Debug\link.6124.write.1.tlog
D:\LibGraphics2020Tutorials\tutorialsVS2010\5-polygon\Debug\link.6124-cvtres.read.1.tlog
D:\LibGraphics2020Tutorials\tutorialsVS2010\5-polygon\Debug\link.6124-cvtres.write.1.tlog
D:\LibGraphics2020Tutorials\tutorialsVS2010\5-polygon\Debug\link.command.1.tlog
D:\LibGraphics2020Tutorials\tutorialsVS2010\5-polygon\Debug\link.read.1.tlog
D:\LibGraphics2020Tutorials\tutorialsVS2010\5-polygon\Debug\link.write.1.tlog
D:\LibGraphics2020Tutorials\tutorialsVS2010\5-polygon\Debug\link-cvtres.read.1.tlog
D:\LibGraphics2020Tutorials\tutorialsVS2010\5-polygon\Debug\link-cvtres.write.1.tlog
D:\LIBGRAPHICS2020TUTORIALS\TUTORIALSVS2010\5-POLYGON\DEBUG\LINKEDLIST.OBJ
D:\LibGraphics2020Tutorials\tutorialsVS2010\5-polygon\Debug\mt.command.1.tlog
D:\LibGraphics2020Tutorials\tutorialsVS2010\5-polygon\Debug\mt.read.1.tlog
D:\LibGraphics2020Tutorials\tutorialsVS2010\5-polygon\Debug\mt.write.1.tlog
D:\LIBGRAPHICS2020TUTORIALS\TUTORIALSVS2010\5-POLYGON\DEBUG\RANDOM.OBJ
D:\LibGraphics2020Tutorials\tutorialsVS2010\5-polygon\Debug\rc.command.1.tlog
D:\LibGraphics2020Tutorials\tutorialsVS2010\5-polygon\Debug\rc.read.1.tlog
D:\LibGraphics2020Tutorials\tutorialsVS2010\5-polygon\Debug\rc.write.1.tlog
D:\LIBGRAPHICS2020TUTORIALS\TUTORIALSVS2010\5-POLYGON\DEBUG\SIMPIO.OBJ
D:\LIBGRAPHICS2020TUTORIALS\TUTORIALSVS2010\5-POLYGON\DEBUG\STRLIB.OBJ
D:\LibGraphics2020Tutorials\tutorialsVS2010\5-polygon\Debug\vc100.idb
D:\LIBGRAPHICS2020TUTORIALS\TUTORIALSVS2010\5-POLYGON\DEBUG\VC100.PDB
D:\LIBGRAPHICS2020TUTORIALS\TUTORIALSVS2010\DEBUG\5-POLYGON.EXE
D:\LIBGRAPHICS2020TUTORIALS\TUTORIALSVS2010\DEBUG\5-POLYGON.ILK
D:\LIBGRAPHICS2020TUTORIALS\TUTORIALSVS2010\DEBUG\5-POLYGON.PDB
