D:\LIBGRAPHICS2020TUTORIALS\TUTORIALSVS2010\7-SIMPLEGUI\DEBUG\7-SIMPLEGUI.EXE.EMBED.MANIFEST
D:\LIBGRAPHICS2020TUTORIALS\TUTORIALSVS2010\7-SIMPLEGUI\DEBUG\7-SIMPLEGUI.EXE.EMBED.MANIFEST.RES
D:\LIBGRAPHICS2020TUTORIALS\TUTORIALSVS2010\7-SIMPLEGUI\DEBUG\7-SIMPLEGUI.EXE.INTERMEDIATE.MANIFEST
D:\LIBGRAPHICS2020TUTORIALS\TUTORIALSVS2010\7-SIMPLEGUI\DEBUG\7-SIMPLEGUI.OBJ
D:\LibGraphics2020Tutorials\tutorialsVS2010\7-simplegui\Debug\7-simplegui.write.1.tlog
D:\LibGraphics2020Tutorials\tutorialsVS2010\7-simplegui\Debug\7-simplegui_manifest.rc
D:\LibGraphics2020Tutorials\tutorialsVS2010\7-simplegui\Debug\cl.command.1.tlog
D:\LibGraphics2020Tutorials\tutorialsVS2010\7-simplegui\Debug\CL.read.1.tlog
D:\LibGraphics2020Tutorials\tutorialsVS2010\7-simplegui\Debug\CL.write.1.tlog
D:\LIBGRAPHICS2020TUTORIALS\TUTORIALSVS2010\7-SIMPLEGUI\DEBUG\EXCEPTIO.OBJ
D:\LIBGRAPHICS2020TUTORIALS\TUTORIALSVS2010\7-SIMPLEGUI\DEBUG\GENLIB.OBJ
D:\LIBGRAPHICS2020TUTORIALS\TUTORIALSVS2010\7-SIMPLEGUI\DEBUG\GRAPHICS.OBJ
D:\LIBGRAPHICS2020TUTORIALS\TUTORIALSVS2010\7-SIMPLEGUI\DEBUG\IMGUI.OBJ
D:\LibGraphics2020Tutorials\tutorialsVS2010\7-simplegui\Debug\link.5652.read.1.tlog
D:\LibGraphics2020Tutorials\tutorialsVS2010\7-simplegui\Debug\link.5652.write.1.tlog
D:\LibGraphics2020Tutorials\tutorialsVS2010\7-simplegui\Debug\link.5652-cvtres.read.1.tlog
D:\LibGraphics2020Tutorials\tutorialsVS2010\7-simplegui\Debug\link.5652-cvtres.write.1.tlog
D:\LibGraphics2020Tutorials\tutorialsVS2010\7-simplegui\Debug\link.command.1.tlog
D:\LibGraphics2020Tutorials\tutorialsVS2010\7-simplegui\Debug\link.read.1.tlog
D:\LibGraphics2020Tutorials\tutorialsVS2010\7-simplegui\Debug\link.write.1.tlog
D:\LibGraphics2020Tutorials\tutorialsVS2010\7-simplegui\Debug\link-cvtres.read.1.tlog
D:\LibGraphics2020Tutorials\tutorialsVS2010\7-simplegui\Debug\link-cvtres.write.1.tlog
D:\LIBGRAPHICS2020TUTORIALS\TUTORIALSVS2010\7-SIMPLEGUI\DEBUG\LINKEDLIST.OBJ
D:\LibGraphics2020Tutorials\tutorialsVS2010\7-simplegui\Debug\mt.command.1.tlog
D:\LibGraphics2020Tutorials\tutorialsVS2010\7-simplegui\Debug\mt.read.1.tlog
D:\LibGraphics2020Tutorials\tutorialsVS2010\7-simplegui\Debug\mt.write.1.tlog
D:\LIBGRAPHICS2020TUTORIALS\TUTORIALSVS2010\7-SIMPLEGUI\DEBUG\RANDOM.OBJ
D:\LibGraphics2020Tutorials\tutorialsVS2010\7-simplegui\Debug\rc.command.1.tlog
D:\LibGraphics2020Tutorials\tutorialsVS2010\7-simplegui\Debug\rc.read.1.tlog
D:\LibGraphics2020Tutorials\tutorialsVS2010\7-simplegui\Debug\rc.write.1.tlog
D:\LIBGRAPHICS2020TUTORIALS\TUTORIALSVS2010\7-SIMPLEGUI\DEBUG\SIMPIO.OBJ
D:\LIBGRAPHICS2020TUTORIALS\TUTORIALSVS2010\7-SIMPLEGUI\DEBUG\STRLIB.OBJ
D:\LibGraphics2020Tutorials\tutorialsVS2010\7-simplegui\Debug\vc100.idb
D:\LIBGRAPHICS2020TUTORIALS\TUTORIALSVS2010\7-SIMPLEGUI\DEBUG\VC100.PDB
D:\LIBGRAPHICS2020TUTORIALS\TUTORIALSVS2010\DEBUG\7-SIMPLEGUI.EXE
D:\LIBGRAPHICS2020TUTORIALS\TUTORIALSVS2010\DEBUG\7-SIMPLEGUI.ILK
D:\LIBGRAPHICS2020TUTORIALS\TUTORIALSVS2010\DEBUG\7-SIMPLEGUI.PDB
