D:\LIBGRAPHICS2020TUTORIALS\TUTORIALSVS2010\8-MANYONES\DEBUG\8-MANYONES.EXE.EMBED.MANIFEST
D:\LIBGRAPHICS2020TUTORIALS\TUTORIALSVS2010\8-MANYONES\DEBUG\8-MANYONES.EXE.EMBED.MANIFEST.RES
D:\LIBGRAPHICS2020TUTORIALS\TUTORIALSVS2010\8-MANYONES\DEBUG\8-MANYONES.EXE.INTERMEDIATE.MANIFEST
D:\LIBGRAPHICS2020TUTORIALS\TUTORIALSVS2010\8-MANYONES\DEBUG\8-MANYONES.OBJ
D:\LibGraphics2020Tutorials\tutorialsVS2010\8-manyones\Debug\8-manyones.vcxprojResolveAssemblyReference.cache
D:\LibGraphics2020Tutorials\tutorialsVS2010\8-manyones\Debug\8-manyones.write.1.tlog
D:\LibGraphics2020Tutorials\tutorialsVS2010\8-manyones\Debug\8-manyones_manifest.rc
D:\LibGraphics2020Tutorials\tutorialsVS2010\8-manyones\Debug\cl.command.1.tlog
D:\LibGraphics2020Tutorials\tutorialsVS2010\8-manyones\Debug\CL.read.1.tlog
D:\LibGraphics2020Tutorials\tutorialsVS2010\8-manyones\Debug\CL.write.1.tlog
D:\LIBGRAPHICS2020TUTORIALS\TUTORIALSVS2010\8-MANYONES\DEBUG\EXCEPTIO.OBJ
D:\LIBGRAPHICS2020TUTORIALS\TUTORIALSVS2010\8-MANYONES\DEBUG\GENLIB.OBJ
D:\LIBGRAPHICS2020TUTORIALS\TUTORIALSVS2010\8-MANYONES\DEBUG\GRAPHICS.OBJ
D:\LIBGRAPHICS2020TUTORIALS\TUTORIALSVS2010\8-MANYONES\DEBUG\IMGUI.OBJ
D:\LibGraphics2020Tutorials\tutorialsVS2010\8-manyones\Debug\link.3612.read.1.tlog
D:\LibGraphics2020Tutorials\tutorialsVS2010\8-manyones\Debug\link.3612.write.1.tlog
D:\LibGraphics2020Tutorials\tutorialsVS2010\8-manyones\Debug\link.3612-cvtres.read.1.tlog
D:\LibGraphics2020Tutorials\tutorialsVS2010\8-manyones\Debug\link.3612-cvtres.write.1.tlog
D:\LibGraphics2020Tutorials\tutorialsVS2010\8-manyones\Debug\link.command.1.tlog
D:\LibGraphics2020Tutorials\tutorialsVS2010\8-manyones\Debug\link.read.1.tlog
D:\LibGraphics2020Tutorials\tutorialsVS2010\8-manyones\Debug\link.write.1.tlog
D:\LibGraphics2020Tutorials\tutorialsVS2010\8-manyones\Debug\link-cvtres.read.1.tlog
D:\LibGraphics2020Tutorials\tutorialsVS2010\8-manyones\Debug\link-cvtres.write.1.tlog
D:\LIBGRAPHICS2020TUTORIALS\TUTORIALSVS2010\8-MANYONES\DEBUG\LINKEDLIST.OBJ
D:\LibGraphics2020Tutorials\tutorialsVS2010\8-manyones\Debug\mt.command.1.tlog
D:\LibGraphics2020Tutorials\tutorialsVS2010\8-manyones\Debug\mt.read.1.tlog
D:\LibGraphics2020Tutorials\tutorialsVS2010\8-manyones\Debug\mt.write.1.tlog
D:\LIBGRAPHICS2020TUTORIALS\TUTORIALSVS2010\8-MANYONES\DEBUG\RANDOM.OBJ
D:\LibGraphics2020Tutorials\tutorialsVS2010\8-manyones\Debug\rc.command.1.tlog
D:\LibGraphics2020Tutorials\tutorialsVS2010\8-manyones\Debug\rc.read.1.tlog
D:\LibGraphics2020Tutorials\tutorialsVS2010\8-manyones\Debug\rc.write.1.tlog
D:\LIBGRAPHICS2020TUTORIALS\TUTORIALSVS2010\8-MANYONES\DEBUG\SIMPIO.OBJ
D:\LIBGRAPHICS2020TUTORIALS\TUTORIALSVS2010\8-MANYONES\DEBUG\STRLIB.OBJ
D:\LibGraphics2020Tutorials\tutorialsVS2010\8-manyones\Debug\vc100.idb
D:\LIBGRAPHICS2020TUTORIALS\TUTORIALSVS2010\8-MANYONES\DEBUG\VC100.PDB
D:\LIBGRAPHICS2020TUTORIALS\TUTORIALSVS2010\DEBUG\8-MANYONES.EXE
D:\LIBGRAPHICS2020TUTORIALS\TUTORIALSVS2010\DEBUG\8-MANYONES.ILK
D:\LIBGRAPHICS2020TUTORIALS\TUTORIALSVS2010\DEBUG\8-MANYONES.PDB
