Build started 2020/3/24 22:04:29.
     1>Project "D:\GUIDemo\tutorials2010\7-simplegui\7-addmenu.vcxproj" on node 2 (build target(s)).
     1>InitializeBuildStatus:
         Creating "Debug\7-simplegui.unsuccessfulbuild" because "AlwaysCreate" was specified.
       ClCompile:
         All outputs are up-to-date.
         C:\Program Files (x86)\Microsoft Visual Studio 10.0\VC\bin\CL.exe /c /I../../libgraphics /I../../simpleGUI /ZI /nologo /W3 /WX- /Od /Oy- /D _CRT_SECURE_NO_WARNINGS /D WIN32 /D _DEBUG /D _WINDOWS /D _MBCS /Gm /EHsc /RTC1 /MDd /GS /fp:precise /Zc:wchar_t /Zc:forScope /Fo"Debug\\" /Fd"Debug\vc100.pdb" /Gd /TC /analyze- /errorReport:prompt ..\..\libgraphics\exceptio.c ..\..\libgraphics\genlib.c ..\..\libgraphics\graphics.c ..\..\libgraphics\linkedlist.c ..\..\libgraphics\random.c ..\..\libgraphics\simpio.c ..\..\libgraphics\strlib.c ..\..\simpleGUI\imgui.c "..\..\tutorialcode\7-simplegui.c"
         7-simplegui.c
         imgui.c
         strlib.c
     1>d:\guidemo\libgraphics\strlib.c(139): warning C4018: '>' : signed/unsigned mismatch
     1>d:\guidemo\libgraphics\strlib.c(152): warning C4018: '>' : signed/unsigned mismatch
         simpio.c
         random.c
         linkedlist.c
         graphics.c
     1>d:\guidemo\libgraphics\graphics.c(822): warning C4101: 'consoleRect' : unreferenced local variable
     1>d:\guidemo\libgraphics\graphics.c(1266): warning C4244: '=' : conversion from 'double' to 'int', possible loss of data
     1>d:\guidemo\libgraphics\graphics.c(1267): warning C4244: '=' : conversion from 'double' to 'int', possible loss of data
     1>d:\guidemo\libgraphics\graphics.c(1268): warning C4244: '=' : conversion from 'double' to 'int', possible loss of data
     1>d:\guidemo\libgraphics\graphics.c(1654): warning C4244: '=' : conversion from 'double' to 'int', possible loss of data
         genlib.c
         exceptio.c
         Generating Code...
       ManifestResourceCompile:
         All outputs are up-to-date.
       Link:
         C:\Program Files (x86)\Microsoft Visual Studio 10.0\VC\bin\link.exe /ERRORREPORT:PROMPT /OUT:"D:\GUIDemo\tutorials2010\Debug\7-simplegui.exe" /INCREMENTAL /NOLOGO kernel32.lib user32.lib gdi32.lib winspool.lib comdlg32.lib advapi32.lib shell32.lib ole32.lib oleaut32.lib uuid.lib odbc32.lib odbccp32.lib /MANIFEST /ManifestFile:"Debug\7-simplegui.exe.intermediate.manifest" /MANIFESTUAC:"level='asInvoker' uiAccess='false'" /DEBUG /PDB:"D:\GUIDemo\tutorials2010\Debug\7-simplegui.pdb" /SUBSYSTEM:WINDOWS /TLBID:1 /DYNAMICBASE /NXCOMPAT /IMPLIB:"D:\GUIDemo\tutorials2010\Debug\7-simplegui.lib" /MACHINE:X86 "Debug\7-simplegui.exe.embed.manifest.res"
         Debug\exceptio.obj
         Debug\genlib.obj
         Debug\graphics.obj
         Debug\linkedlist.obj
         Debug\random.obj
         Debug\simpio.obj
         Debug\strlib.obj
         Debug\imgui.obj
         "Debug\7-simplegui.obj"
       Manifest:
         C:\Program Files (x86)\Microsoft SDKs\Windows\v7.0A\bin\mt.exe /nologo /verbose /out:"Debug\7-simplegui.exe.embed.manifest" /manifest "Debug\7-simplegui.exe.intermediate.manifest"
         All outputs are up-to-date.
       LinkEmbedManifest:
         All outputs are up-to-date.
         7-addmenu.vcxproj -> D:\GUIDemo\tutorials2010\Debug\7-simplegui.exe
       FinalizeBuildStatus:
         Deleting file "Debug\7-simplegui.unsuccessfulbuild".
         Touching "Debug\7-simplegui.lastbuildstate".
     1>Done Building Project "D:\GUIDemo\tutorials2010\7-simplegui\7-addmenu.vcxproj" (build target(s)).

Build succeeded.

Time Elapsed 00:00:02.59
