D:\LIBGRAPHICS2020TUTORIALS\TUTORIALSVS2010\9-HANOI\DEBUG\9-HANOI.EXE.EMBED.MANIFEST
D:\LIBGRAPHICS2020TUTORIALS\TUTORIALSVS2010\9-HANOI\DEBUG\9-HANOI.EXE.EMBED.MANIFEST.RES
D:\LIBGRAPHICS2020TUTORIALS\TUTORIALSVS2010\9-HANOI\DEBUG\9-HANOI.EXE.INTERMEDIATE.MANIFEST
D:\LibGraphics2020Tutorials\tutorialsVS2010\9-hanoi\Debug\9-hanoi.write.1.tlog
D:\LibGraphics2020Tutorials\tutorialsVS2010\9-hanoi\Debug\9-hanoi_manifest.rc
D:\LibGraphics2020Tutorials\tutorialsVS2010\9-hanoi\Debug\cl.command.1.tlog
D:\LibGraphics2020Tutorials\tutorialsVS2010\9-hanoi\Debug\CL.read.1.tlog
D:\LibGraphics2020Tutorials\tutorialsVS2010\9-hanoi\Debug\CL.write.1.tlog
D:\LIBGRAPHICS2020TUTORIALS\TUTORIALSVS2010\9-HANOI\DEBUG\DRAW.OBJ
D:\LIBGRAPHICS2020TUTORIALS\TUTORIALSVS2010\9-HANOI\DEBUG\EXCEPTIO.OBJ
D:\LIBGRAPHICS2020TUTORIALS\TUTORIALSVS2010\9-HANOI\DEBUG\GENLIB.OBJ
D:\LIBGRAPHICS2020TUTORIALS\TUTORIALSVS2010\9-HANOI\DEBUG\GRAPHICS.OBJ
D:\LIBGRAPHICS2020TUTORIALS\TUTORIALSVS2010\9-HANOI\DEBUG\HANOI.OBJ
D:\LIBGRAPHICS2020TUTORIALS\TUTORIALSVS2010\9-HANOI\DEBUG\IMGUI.OBJ
D:\LibGraphics2020Tutorials\tutorialsVS2010\9-hanoi\Debug\link.3860.read.1.tlog
D:\LibGraphics2020Tutorials\tutorialsVS2010\9-hanoi\Debug\link.3860.write.1.tlog
D:\LibGraphics2020Tutorials\tutorialsVS2010\9-hanoi\Debug\link.3860-cvtres.read.1.tlog
D:\LibGraphics2020Tutorials\tutorialsVS2010\9-hanoi\Debug\link.3860-cvtres.write.1.tlog
D:\LibGraphics2020Tutorials\tutorialsVS2010\9-hanoi\Debug\link.command.1.tlog
D:\LibGraphics2020Tutorials\tutorialsVS2010\9-hanoi\Debug\link.read.1.tlog
D:\LibGraphics2020Tutorials\tutorialsVS2010\9-hanoi\Debug\link.write.1.tlog
D:\LibGraphics2020Tutorials\tutorialsVS2010\9-hanoi\Debug\link-cvtres.read.1.tlog
D:\LibGraphics2020Tutorials\tutorialsVS2010\9-hanoi\Debug\link-cvtres.write.1.tlog
D:\LIBGRAPHICS2020TUTORIALS\TUTORIALSVS2010\9-HANOI\DEBUG\LINKEDLIST.OBJ
D:\LIBGRAPHICS2020TUTORIALS\TUTORIALSVS2010\9-HANOI\DEBUG\MAIN.OBJ
D:\LIBGRAPHICS2020TUTORIALS\TUTORIALSVS2010\9-HANOI\DEBUG\MOVE.OBJ
D:\LibGraphics2020Tutorials\tutorialsVS2010\9-hanoi\Debug\mt.command.1.tlog
D:\LibGraphics2020Tutorials\tutorialsVS2010\9-hanoi\Debug\mt.read.1.tlog
D:\LibGraphics2020Tutorials\tutorialsVS2010\9-hanoi\Debug\mt.write.1.tlog
D:\LIBGRAPHICS2020TUTORIALS\TUTORIALSVS2010\9-HANOI\DEBUG\RANDOM.OBJ
D:\LibGraphics2020Tutorials\tutorialsVS2010\9-hanoi\Debug\rc.command.1.tlog
D:\LibGraphics2020Tutorials\tutorialsVS2010\9-hanoi\Debug\rc.read.1.tlog
D:\LibGraphics2020Tutorials\tutorialsVS2010\9-hanoi\Debug\rc.write.1.tlog
D:\LIBGRAPHICS2020TUTORIALS\TUTORIALSVS2010\9-HANOI\DEBUG\SIMPIO.OBJ
D:\LIBGRAPHICS2020TUTORIALS\TUTORIALSVS2010\9-HANOI\DEBUG\STRLIB.OBJ
D:\LibGraphics2020Tutorials\tutorialsVS2010\9-hanoi\Debug\vc100.idb
D:\LIBGRAPHICS2020TUTORIALS\TUTORIALSVS2010\9-HANOI\DEBUG\VC100.PDB
D:\LIBGRAPHICS2020TUTORIALS\TUTORIALSVS2010\DEBUG\9-HANOI.EXE
D:\LIBGRAPHICS2020TUTORIALS\TUTORIALSVS2010\DEBUG\9-HANOI.ILK
D:\LIBGRAPHICS2020TUTORIALS\TUTORIALSVS2010\DEBUG\9-HANOI.PDB
