D:\LIBGRAPHICS2020TUTORIALS\TUTORIALSVS2010\6-ADDBUTTON\DEBUG\6-ADDBUTTON.EXE.EMBED.MANIFEST
D:\LIBGRAPHICS2020TUTORIALS\TUTORIALSVS2010\6-ADDBUTTON\DEBUG\6-ADDBUTTON.EXE.EMBED.MANIFEST.RES
D:\LIBGRAPHICS2020TUTORIALS\TUTORIALSVS2010\6-ADDBUTTON\DEBUG\6-ADDBUTTON.EXE.INTERMEDIATE.MANIFEST
D:\LIBGRAPHICS2020TUTORIALS\TUTORIALSVS2010\6-ADDBUTTON\DEBUG\6-ADDBUTTON.OBJ
D:\LibGraphics2020Tutorials\tutorialsVS2010\6-addbutton\Debug\6-addbutton.write.1.tlog
D:\LibGraphics2020Tutorials\tutorialsVS2010\6-addbutton\Debug\6-addbutton_manifest.rc
D:\LibGraphics2020Tutorials\tutorialsVS2010\6-addbutton\Debug\cl.command.1.tlog
D:\LibGraphics2020Tutorials\tutorialsVS2010\6-addbutton\Debug\CL.read.1.tlog
D:\LibGraphics2020Tutorials\tutorialsVS2010\6-addbutton\Debug\CL.write.1.tlog
D:\LIBGRAPHICS2020TUTORIALS\TUTORIALSVS2010\6-ADDBUTTON\DEBUG\EXCEPTIO.OBJ
D:\LIBGRAPHICS2020TUTORIALS\TUTORIALSVS2010\6-ADDBUTTON\DEBUG\GENLIB.OBJ
D:\LIBGRAPHICS2020TUTORIALS\TUTORIALSVS2010\6-ADDBUTTON\DEBUG\GRAPHICS.OBJ
D:\LIBGRAPHICS2020TUTORIALS\TUTORIALSVS2010\6-ADDBUTTON\DEBUG\IMGUI.OBJ
D:\LibGraphics2020Tutorials\tutorialsVS2010\6-addbutton\Debug\link.6116.read.1.tlog
D:\LibGraphics2020Tutorials\tutorialsVS2010\6-addbutton\Debug\link.6116.write.1.tlog
D:\LibGraphics2020Tutorials\tutorialsVS2010\6-addbutton\Debug\link.6116-cvtres.read.1.tlog
D:\LibGraphics2020Tutorials\tutorialsVS2010\6-addbutton\Debug\link.6116-cvtres.write.1.tlog
D:\LibGraphics2020Tutorials\tutorialsVS2010\6-addbutton\Debug\link.command.1.tlog
D:\LibGraphics2020Tutorials\tutorialsVS2010\6-addbutton\Debug\link.read.1.tlog
D:\LibGraphics2020Tutorials\tutorialsVS2010\6-addbutton\Debug\link.write.1.tlog
D:\LibGraphics2020Tutorials\tutorialsVS2010\6-addbutton\Debug\link-cvtres.read.1.tlog
D:\LibGraphics2020Tutorials\tutorialsVS2010\6-addbutton\Debug\link-cvtres.write.1.tlog
D:\LIBGRAPHICS2020TUTORIALS\TUTORIALSVS2010\6-ADDBUTTON\DEBUG\LINKEDLIST.OBJ
D:\LibGraphics2020Tutorials\tutorialsVS2010\6-addbutton\Debug\mt.command.1.tlog
D:\LibGraphics2020Tutorials\tutorialsVS2010\6-addbutton\Debug\mt.read.1.tlog
D:\LibGraphics2020Tutorials\tutorialsVS2010\6-addbutton\Debug\mt.write.1.tlog
D:\LIBGRAPHICS2020TUTORIALS\TUTORIALSVS2010\6-ADDBUTTON\DEBUG\RANDOM.OBJ
D:\LibGraphics2020Tutorials\tutorialsVS2010\6-addbutton\Debug\rc.command.1.tlog
D:\LibGraphics2020Tutorials\tutorialsVS2010\6-addbutton\Debug\rc.read.1.tlog
D:\LibGraphics2020Tutorials\tutorialsVS2010\6-addbutton\Debug\rc.write.1.tlog
D:\LIBGRAPHICS2020TUTORIALS\TUTORIALSVS2010\6-ADDBUTTON\DEBUG\SIMPIO.OBJ
D:\LIBGRAPHICS2020TUTORIALS\TUTORIALSVS2010\6-ADDBUTTON\DEBUG\STRLIB.OBJ
D:\LibGraphics2020Tutorials\tutorialsVS2010\6-addbutton\Debug\vc100.idb
D:\LIBGRAPHICS2020TUTORIALS\TUTORIALSVS2010\6-ADDBUTTON\DEBUG\VC100.PDB
D:\LIBGRAPHICS2020TUTORIALS\TUTORIALSVS2010\DEBUG\6-ADDBUTTON.EXE
D:\LIBGRAPHICS2020TUTORIALS\TUTORIALSVS2010\DEBUG\6-ADDBUTTON.ILK
D:\LIBGRAPHICS2020TUTORIALS\TUTORIALSVS2010\DEBUG\6-ADDBUTTON.PDB
